Thu Apr 21 11:28:55 HSP 2022: 
 tests:  1|8
total_score: 0/70
f7e0312
Thu Apr 21 11:39:16 HSP 2022: 
 treemap.c | 17 ++++++++++++++++-
 1 file changed, 16 insertions(+), 1 deletion(-)
 tests:  8|7
total_score: 10/70
f9713d8
Thu Apr 21 11:39:42 HSP 2022: 
 treemap.c | 2 +-
 1 file changed, 1 insertion(+), 1 deletion(-)
 tests:  11|6
total_score: 15/70
e00909d
Thu Apr 21 11:45:40 HSP 2022: 
 treemap.c | 4 +++-
 1 file changed, 3 insertions(+), 1 deletion(-)
 tests:  11|6
total_score: 15/70
a678b77
Thu Apr 21 11:50:12 HSP 2022: 
 treemap.c | 8 ++++++--
 1 file changed, 6 insertions(+), 2 deletions(-)
 tests:  10|6
total_score: 15/70
e599b49
Thu Apr 21 11:50:45 HSP 2022: 
 treemap.c | 2 +-
 1 file changed, 1 insertion(+), 1 deletion(-)
 tests:  0|0
38fe800
Thu Apr 21 11:51:28 HSP 2022: 
 treemap.c | 2 +-
 1 file changed, 1 insertion(+), 1 deletion(-)
 tests:  0|0
dd707af
Thu Apr 21 12:00:07 HSP 2022: 
 treemap.c | 7 ++++---
 1 file changed, 4 insertions(+), 3 deletions(-)
 tests:  12|6
total_score: 15/70
5de9bd5
Thu Apr 21 12:03:43 HSP 2022: 
 treemap.c | 2 ++
 1 file changed, 2 insertions(+)
 tests:  12|6
total_score: 15/70
02fbd76
Thu Apr 21 12:06:41 HSP 2022: 
 treemap.c | 1 +
 1 file changed, 1 insertion(+)
 tests:  13|5
total_score: 25/70
aa65e33
Thu Apr 21 12:07:12 HSP 2022: 
 treemap.c | 1 -
 1 file changed, 1 deletion(-)
 tests:  13|5
total_score: 25/70
b1c7c48
Thu Apr 21 12:08:08 HSP 2022: 
 treemap.c | 3 +--
 1 file changed, 1 insertion(+), 2 deletions(-)
 tests:  13|5
total_score: 25/70
352df3f
Thu Apr 21 12:10:16 HSP 2022: 
 treemap.c | 6 ++++--
 1 file changed, 4 insertions(+), 2 deletions(-)
 tests:  15|4
total_score: 25/70
53cd562
Fri Apr 22 20:03:01 HSP 2022: 
 treemap.c | 32 ++++++++++++++++++++++++++++++++
 1 file changed, 32 insertions(+)
In file included from test.c:4:0:
treemap.c:103:5: error: data definition has no type or storage class [-Werror]
     free(node);
     ^~~~
treemap.c:103:5: error: type defaults to 'int' in declaration of 'free' [-Werror=implicit-int]
treemap.c:103:5: error: parameter names (without types) in function declaration [-Werror]
treemap.c:103:5: error: conflicting types for 'free'
In file included from test.c:2:0:
c:\mingw\include\stdlib.h:487:39: note: previous declaration of 'free' was here
 _CRTIMP __cdecl __MINGW_NOTHROW  void free (void *);
                                       ^~~~
In file included from test.c:4:0:
treemap.c:104:1: error: expected identifier or '(' before '}' token
 }
 ^
cc1.exe: all warnings being treated as errors
Compilation failed
b338201
Sun Apr 24 00:23:38 HSP 2022: 
 treemap.c | 32 ++++++--------------------------
 1 file changed, 6 insertions(+), 26 deletions(-)
 tests:  16|4
total_score: 30/70
4632a8e
Sun Apr 24 00:37:39 HSP 2022: 
 treemap.c | 23 +++++++++++++++++++++++
 1 file changed, 23 insertions(+)
 tests:  0|0
c31608f
Sun Apr 24 00:42:26 HSP 2022: 
 treemap.c | 16 ----------------
 1 file changed, 16 deletions(-)
 tests:  16|4
total_score: 30/70
8c2bebd
Sun Apr 24 00:45:58 HSP 2022: 
 treemap.c | 21 ++++++++++++++++-----
 1 file changed, 16 insertions(+), 5 deletions(-)
 tests:  0|0
292b619
Sun Apr 24 00:50:02 HSP 2022: 
 treemap.c | 4 ++--
 1 file changed, 2 insertions(+), 2 deletions(-)
 tests:  0|0
27cf42a
Sun Apr 24 00:51:36 HSP 2022: 
 treemap.c | 4 ++++
 1 file changed, 4 insertions(+)
 tests:  0|0
659624a
Sun Apr 24 00:53:08 HSP 2022: 
 treemap.c | 5 ++++-
 1 file changed, 4 insertions(+), 1 deletion(-)
 tests:  0|0
08a443e
Sun Apr 24 00:54:00 HSP 2022: 
 treemap.c | 4 ++--
 1 file changed, 2 insertions(+), 2 deletions(-)
 tests:  16|4
total_score: 30/70
55ef2d4
Sun Apr 24 00:54:29 HSP 2022: 
 treemap.c | 4 ++--
 1 file changed, 2 insertions(+), 2 deletions(-)
 tests:  0|0
3cf6a06
Sun Apr 24 00:55:36 HSP 2022: 
 treemap.c | 2 +-
 1 file changed, 1 insertion(+), 1 deletion(-)
 tests:  0|0
b3601fd
Sun Apr 24 01:01:16 HSP 2022: 
 treemap.c | 20 ++------------------
 1 file changed, 2 insertions(+), 18 deletions(-)
 tests:  16|4
total_score: 30/70
9e4bfd9
Sun Apr 24 01:02:39 HSP 2022: 
 treemap.c | 3 +++
 1 file changed, 3 insertions(+)
 tests:  16|4
total_score: 30/70
cbd4a40
Sun Apr 24 01:04:26 HSP 2022: 
 treemap.c | 1 +
 1 file changed, 1 insertion(+)
 tests:  16|4
total_score: 30/70
f5eba2e
Sun Apr 24 01:05:22 HSP 2022: 
 treemap.c | 3 ++-
 1 file changed, 2 insertions(+), 1 deletion(-)
 tests:  16|4
total_score: 30/70
d6b6ff4
Sun Apr 24 01:06:10 HSP 2022: 
 treemap.c | 4 ++--
 1 file changed, 2 insertions(+), 2 deletions(-)
 tests:  17|4
total_score: 35/70
d67d9e6
Sun Apr 24 01:08:31 HSP 2022: 
 treemap.c | 15 +++++++++++++++
 1 file changed, 15 insertions(+)
 tests:  18|3
total_score: 40/70
01ae646
Sun Apr 24 01:11:25 HSP 2022: 
 treemap.c | 3 ++-
 1 file changed, 2 insertions(+), 1 deletion(-)
 tests:  20|2
total_score: 45/70
05cae6d
Sun Apr 24 01:21:32 HSP 2022: 
 treemap.c | 12 ++++++++++++
 1 file changed, 12 insertions(+)
 tests:  22|2
total_score: 50/70
22b9182
Sun Apr 24 01:23:15 HSP 2022: 
 treemap.c | 2 ++
 1 file changed, 2 insertions(+)
 tests:  22|2
total_score: 50/70
b08af4b
Sun Apr 24 01:27:37 HSP 2022: 
 treemap.c | 2 +-
 1 file changed, 1 insertion(+), 1 deletion(-)
 tests:  22|2
total_score: 50/70
d15979a
Sun Apr 24 01:34:18 HSP 2022: 
 treemap.c | 2 +-
 1 file changed, 1 insertion(+), 1 deletion(-)
 tests:  22|2
total_score: 50/70
d4502af
Sun Apr 24 01:35:32 HSP 2022: 
 treemap.c | 2 +-
 1 file changed, 1 insertion(+), 1 deletion(-)
 tests:  22|2
total_score: 50/70
82c285d
Sun Apr 24 01:40:54 HSP 2022: 
 treemap.c | 4 ++--
 1 file changed, 2 insertions(+), 2 deletions(-)
 tests:  23|2
total_score: 50/70
d552eaf
Sun Apr 24 01:41:49 HSP 2022: 
 treemap.c | 1 +
 1 file changed, 1 insertion(+)
 tests:  23|2
total_score: 50/70
1a9c242
Sun Apr 24 01:43:03 HSP 2022: 
 treemap.c | 2 +-
 1 file changed, 1 insertion(+), 1 deletion(-)
 tests:  22|2
total_score: 50/70
d684dc8
Sun Apr 24 01:43:22 HSP 2022: 
 treemap.c | 2 +-
 1 file changed, 1 insertion(+), 1 deletion(-)
 tests:  23|2
total_score: 50/70
fa8602e
Sun Apr 24 01:45:31 HSP 2022: 
 treemap.c | 2 +-
 1 file changed, 1 insertion(+), 1 deletion(-)
 tests:  23|2
total_score: 50/70
83513b2
Sun Apr 24 01:47:22 HSP 2022: 
 treemap.c | 2 +-
 1 file changed, 1 insertion(+), 1 deletion(-)
 tests:  22|2
total_score: 50/70
2f32087
Sun Apr 24 01:48:09 HSP 2022: 
 treemap.c | 2 +-
 1 file changed, 1 insertion(+), 1 deletion(-)
In file included from test.c:4:0:
treemap.c: In function 'nextTreeMap':
treemap.c:164:32: error: 'TreeNode {aka struct TreeNode}' has no member named 'key'
         if(tree->lower_than(aux->key,tree->current->pair->key) == 1) return NULL;
                                ^~
Compilation failed
30a659a
Sun Apr 24 01:48:26 HSP 2022: 
 treemap.c | 2 +-
 1 file changed, 1 insertion(+), 1 deletion(-)
 tests:  23|2
total_score: 50/70
ad91fa2
Sun Apr 24 01:50:20 HSP 2022: 
 treemap.c | 1 -
 1 file changed, 1 deletion(-)
 tests:  23|2
total_score: 50/70
a265af1
Sun Apr 24 01:56:20 HSP 2022: 
 treemap.c | 3 +++
 1 file changed, 3 insertions(+)
 tests:  0|0
2eb86fe
Sun Apr 24 01:57:27 HSP 2022: 
 treemap.c | 3 ++-
 1 file changed, 2 insertions(+), 1 deletion(-)
 tests:  24|2
total_score: 55/70
cc1b921
Sun Apr 24 02:05:14 HSP 2022: 
 treemap.c | 1 -
 1 file changed, 1 deletion(-)
In file included from test.c:4:0:
treemap.c: In function 'nextTreeMap':
treemap.c:171:1: error: control reaches end of non-void function [-Werror=return-type]
 }
 ^
cc1.exe: all warnings being treated as errors
Compilation failed
bdd12ac
Sun Apr 24 02:05:49 HSP 2022: 
 treemap.c | 1 +
 1 file changed, 1 insertion(+)
 tests:  24|2
total_score: 55/70
8b624cf
Sun Apr 24 02:09:41 HSP 2022: 
 treemap.c | 2 +-
 1 file changed, 1 insertion(+), 1 deletion(-)
 tests:  24|2
total_score: 55/70
0c6c2ea
Sun Apr 24 02:10:50 HSP 2022: 
 treemap.c | 4 ++--
 1 file changed, 2 insertions(+), 2 deletions(-)
 tests:  24|2
total_score: 50/70
988a183
Sun Apr 24 02:11:30 HSP 2022: 
 treemap.c | 2 +-
 1 file changed, 1 insertion(+), 1 deletion(-)
In file included from test.c:4:0:
treemap.c: In function 'nextTreeMap':
treemap.c:161:108: error: expected ')' before '{' token
         while(aux->parent != NULL && tree->lower_than(aux->parent->pair->key,tree->current->pair->key) != 1{
                                                                                                            ^
treemap.c:170:5: error: expected expression before '}' token
     }
     ^
Compilation failed
ac78b27
Sun Apr 24 02:11:44 HSP 2022: 
 treemap.c | 2 +-
 1 file changed, 1 insertion(+), 1 deletion(-)
 tests:  24|2
total_score: 55/70
98f83a5
Sun Apr 24 02:13:14 HSP 2022: 
 treemap.c | 7 ++-----
 1 file changed, 2 insertions(+), 5 deletions(-)
 tests:  24|2
total_score: 55/70
fc408cf
Sun Apr 24 15:57:06 HSP 2022: 
 treemap.c | 1 +
 1 file changed, 1 insertion(+)
In file included from test.c:4:0:
treemap.c: In function 'nextTreeMap':
treemap.c:153:5: error: suggest parentheses around assignment used as truth value [-Werror=parentheses]
     if(tree->current = tree->root) return tree->current->pair;
     ^~
cc1.exe: all warnings being treated as errors
Compilation failed
6331899
Sun Apr 24 15:57:29 HSP 2022: 
 treemap.c | 2 +-
 1 file changed, 1 insertion(+), 1 deletion(-)
 tests:  21|2
total_score: 50/70
b574951
Sun Apr 24 15:58:00 HSP 2022: 
 treemap.c | 1 -
 1 file changed, 1 deletion(-)
 tests:  24|2
total_score: 55/70
a141f20
Sun Apr 24 16:01:27 HSP 2022: 
 treemap.c | 4 +++-
 1 file changed, 3 insertions(+), 1 deletion(-)
 tests:  24|2
total_score: 55/70
b769759
Sun Apr 24 16:18:14 HSP 2022: 
 treemap.c | 2 +-
 1 file changed, 1 insertion(+), 1 deletion(-)
 tests:  22|2
total_score: 50/70
5bffcae
Sun Apr 24 16:18:30 HSP 2022: 
 treemap.c | 2 +-
 1 file changed, 1 insertion(+), 1 deletion(-)
 tests:  24|2
total_score: 55/70
05a7940
Sun Apr 24 16:36:43 HSP 2022: 
 treemap.c | 2 ++
 1 file changed, 2 insertions(+)
 tests:  24|2
total_score: 55/70
862c9f6
Sun Apr 24 16:47:25 HSP 2022: 
 treemap.c | 10 +++-------
 1 file changed, 3 insertions(+), 7 deletions(-)
 tests:  25|2
total_score: 55/70
e297e2e
Sun Apr 24 16:50:03 HSP 2022: 
 treemap.c | 8 +++++++-
 1 file changed, 7 insertions(+), 1 deletion(-)
 tests:  0|0
437ed01
Sun Apr 24 16:56:29 HSP 2022: 
 treemap.c | 7 +------
 1 file changed, 1 insertion(+), 6 deletions(-)
 tests:  24|2
total_score: 55/70
8a4b6e4
Sun Apr 24 16:56:59 HSP 2022: 
 treemap.c | 2 +-
 1 file changed, 1 insertion(+), 1 deletion(-)
 tests:  23|2
total_score: 50/70
9d51162
Sun Apr 24 16:57:16 HSP 2022: 
 treemap.c | 2 +-
 1 file changed, 1 insertion(+), 1 deletion(-)
 tests:  22|2
total_score: 50/70
ee441b4
Sun Apr 24 16:57:51 HSP 2022: 
 treemap.c | 4 ++++
 1 file changed, 4 insertions(+)
 tests:  24|2
total_score: 55/70
dabea58
Sun Apr 24 16:58:08 HSP 2022: 
 treemap.c | 2 +-
 1 file changed, 1 insertion(+), 1 deletion(-)
 tests:  23|2
total_score: 50/70
aea0b7f
Sun Apr 24 16:58:34 HSP 2022: 
 treemap.c | 4 ++--
 1 file changed, 2 insertions(+), 2 deletions(-)
 tests:  24|2
total_score: 55/70
9c29e4e
Sun Apr 24 17:08:29 HSP 2022: 
 treemap.c | 15 ++++++++++++++-
 1 file changed, 14 insertions(+), 1 deletion(-)
In file included from test.c:4:0:
treemap.c: In function 'upperBound':
treemap.c:155:12: error: return from incompatible pointer type [-Werror=incompatible-pointer-types]
     return ub_node;
            ^~~~~~~
cc1.exe: all warnings being treated as errors
Compilation failed
92bda36
Sun Apr 24 17:14:24 HSP 2022: 
 treemap.c | 15 ++++-----------
 1 file changed, 4 insertions(+), 11 deletions(-)
C:\Users\thoma\AppData\Local\Temp\ccOQx1t4.o:test.c:(.text+0x1287): undefined reference to `upperBound'
C:\Users\thoma\AppData\Local\Temp\ccOQx1t4.o:test.c:(.text+0x133e): undefined reference to `upperBound'
C:\Users\thoma\AppData\Local\Temp\ccOQx1t4.o:test.c:(.text+0x141a): undefined reference to `upperBound'
C:\Users\thoma\AppData\Local\Temp\ccOQx1t4.o:test.c:(.text+0x14f6): undefined reference to `upperBound'
collect2.exe: error: ld returned 1 exit status
Compilation failed
b588f8b
Sun Apr 24 17:14:38 HSP 2022: 
C:\Users\thoma\AppData\Local\Temp\ccqwCWnL.o:test.c:(.text+0x1287): undefined reference to `upperBound'
C:\Users\thoma\AppData\Local\Temp\ccqwCWnL.o:test.c:(.text+0x133e): undefined reference to `upperBound'
C:\Users\thoma\AppData\Local\Temp\ccqwCWnL.o:test.c:(.text+0x141a): undefined reference to `upperBound'
C:\Users\thoma\AppData\Local\Temp\ccqwCWnL.o:test.c:(.text+0x14f6): undefined reference to `upperBound'
collect2.exe: error: ld returned 1 exit status
Compilation failed
50b69e9
Sun Apr 24 17:15:12 HSP 2022: 
 treemap.c | 18 +++---------------
 1 file changed, 3 insertions(+), 15 deletions(-)
 tests:  24|2
total_score: 55/70
19ff483
Sun Apr 24 17:21:45 HSP 2022: 
 treemap.c | 15 +++++++++++++--
 1 file changed, 13 insertions(+), 2 deletions(-)
 tests:  0|0
18e5216
Sun Apr 24 17:22:22 HSP 2022: 
 treemap.c | 2 +-
 1 file changed, 1 insertion(+), 1 deletion(-)
 tests:  24|2
total_score: 55/70
2b40d08
